2013/10/14 13:37:42 [error] [system.db.CDbCommand] CDbCommand::fetchAll() failed: SQLSTATE[42S02]: Base table or view not found: 1146 Table 'mobily_idc.tbl_post' doesn't exist. The SQL statement executed was: SHOW FULL COLUMNS FROM `tbl_post`.
2013/10/14 13:37:42 [error] [exception.CDbException] exception 'CDbException' with message 'The table "{{post}}" for active record class "Post" cannot be found in the database.' in /home/souq-manayata/workspace/MOBILYIDC/framework/db/ar/CActiveRecord.php:2362
Stack trace:
#0 /home/souq-manayata/workspace/MOBILYIDC/framework/db/ar/CActiveRecord.php(411): CActiveRecordMetaData->__construct(Object(Post))
#1 /home/souq-manayata/workspace/MOBILYIDC/framework/db/ar/CActiveRecord.php(658): CActiveRecord->getMetaData()
#2 /home/souq-manayata/workspace/MOBILYIDC/framework/db/ar/CActiveFinder.php(389): CActiveRecord->getTableSchema()
#3 /home/souq-manayata/workspace/MOBILYIDC/framework/db/ar/CActiveFinder.php(47): CJoinElement->__construct(Object(CActiveFinder), Object(Post))
#4 /home/souq-manayata/workspace/MOBILYIDC/framework/db/ar/CActiveRecord.php(909): CActiveFinder->__construct(Object(Post), 'commentCount')
#5 /home/souq-manayata/workspace/MOBILYIDC/framework/db/ar/CActiveRecord.php(1604): CActiveRecord->getActiveFinder('commentCount')
#6 /home/souq-manayata/workspace/MOBILYIDC/framework/web/CActiveDataProvider.php(228): CActiveRecord->count(Object(CDbCriteria))
#7 /home/souq-manayata/workspace/MOBILYIDC/framework/web/CDataProvider.php(224): CActiveDataProvider->calculateTotalItemCount()
#8 /home/souq-manayata/workspace/MOBILYIDC/framework/web/CActiveDataProvider.php(178): CDataProvider->getTotalItemCount()
#9 /home/souq-manayata/workspace/MOBILYIDC/framework/web/CDataProvider.php(168): CActiveDataProvider->fetchData()
#10 /home/souq-manayata/workspace/MOBILYIDC/framework/zii/widgets/CBaseListView.php(111): CDataProvider->getData()
#11 /home/souq-manayata/workspace/MOBILYIDC/framework/zii/widgets/CListView.php(211): CBaseListView->init()
#12 /home/souq-manayata/workspace/MOBILYIDC/framework/web/CBaseController.php(147): CListView->init()
#13 /home/souq-manayata/workspace/MOBILYIDC/framework/web/CBaseController.php(172): CBaseController->createWidget('zii.widgets.CLi...', Array)
#14 /home/souq-manayata/workspace/MOBILYIDC/mobily-loc/protected/views/post/index.php(9): CBaseController->widget('zii.widgets.CLi...', Array)
#15 /home/souq-manayata/workspace/MOBILYIDC/framework/web/CBaseController.php(126): require('/home/souq-mana...')
#16 /home/souq-manayata/workspace/MOBILYIDC/framework/web/CBaseController.php(95): CBaseController->renderInternal('/home/souq-mana...', Array, true)
#17 /home/souq-manayata/workspace/MOBILYIDC/framework/web/CController.php(869): CBaseController->renderFile('/home/souq-mana...', Array, true)
#18 /home/souq-manayata/workspace/MOBILYIDC/framework/web/CController.php(782): CController->renderPartial('index', Array, true)
#19 /home/souq-manayata/workspace/MOBILYIDC/mobily-loc/protected/controllers/PostController.php(136): CController->render('index', Array)
#20 /home/souq-manayata/workspace/MOBILYIDC/framework/web/actions/CInlineAction.php(49): PostController->actionIndex()
#21 /home/souq-manayata/workspace/MOBILYIDC/framework/web/CController.php(308): CInlineAction->runWithParams(Array)
#22 /home/souq-manayata/workspace/MOBILYIDC/framework/web/filters/CFilterChain.php(133): CController->runAction(Object(CInlineAction))
#23 /home/souq-manayata/workspace/MOBILYIDC/framework/web/filters/CFilter.php(40): CFilterChain->run()
#24 /home/souq-manayata/workspace/MOBILYIDC/framework/web/CController.php(1145): CFilter->filter(Object(CFilterChain))
#25 /home/souq-manayata/workspace/MOBILYIDC/framework/web/filters/CInlineFilter.php(58): CController->filterAccessControl(Object(CFilterChain))
#26 /home/souq-manayata/workspace/MOBILYIDC/framework/web/filters/CFilterChain.php(130): CInlineFilter->filter(Object(CFilterChain))
#27 /home/souq-manayata/workspace/MOBILYIDC/framework/web/CController.php(291): CFilterChain->run()
#28 /home/souq-manayata/workspace/MOBILYIDC/framework/web/CController.php(265): CController->runActionWithFilters(Object(CInlineAction), Array)
#29 /home/souq-manayata/workspace/MOBILYIDC/framework/web/CWebApplication.php(282): CController->run('')
#30 /home/souq-manayata/workspace/MOBILYIDC/framework/web/CWebApplication.php(141): CWebApplication->runController('')
#31 /home/souq-manayata/workspace/MOBILYIDC/framework/base/CApplication.php(180): CWebApplication->processRequest()
#32 /home/souq-manayata/workspace/MOBILYIDC/mobily-loc/index.php(11): CApplication->run()
#33 {main}
REQUEST_URI=/
---
2013/10/14 13:40:34 [error] [system.db.CDbCommand] CDbCommand::fetchAll() failed: SQLSTATE[42S02]: Base table or view not found: 1146 Table 'mobily_idc.tbl_post' doesn't exist. The SQL statement executed was: SHOW FULL COLUMNS FROM `tbl_post`.
2013/10/14 13:40:34 [error] [exception.CDbException] exception 'CDbException' with message 'The table "{{post}}" for active record class "Post" cannot be found in the database.' in /home/souq-manayata/workspace/MOBILYIDC/framework/db/ar/CActiveRecord.php:2362
Stack trace:
#0 /home/souq-manayata/workspace/MOBILYIDC/framework/db/ar/CActiveRecord.php(411): CActiveRecordMetaData->__construct(Object(Post))
#1 /home/souq-manayata/workspace/MOBILYIDC/framework/db/ar/CActiveRecord.php(658): CActiveRecord->getMetaData()
#2 /home/souq-manayata/workspace/MOBILYIDC/framework/db/ar/CActiveFinder.php(389): CActiveRecord->getTableSchema()
#3 /home/souq-manayata/workspace/MOBILYIDC/framework/db/ar/CActiveFinder.php(47): CJoinElement->__construct(Object(CActiveFinder), Object(Post))
#4 /home/souq-manayata/workspace/MOBILYIDC/framework/db/ar/CActiveRecord.php(909): CActiveFinder->__construct(Object(Post), 'commentCount')
#5 /home/souq-manayata/workspace/MOBILYIDC/framework/db/ar/CActiveRecord.php(1604): CActiveRecord->getActiveFinder('commentCount')
#6 /home/souq-manayata/workspace/MOBILYIDC/framework/web/CActiveDataProvider.php(228): CActiveRecord->count(Object(CDbCriteria))
#7 /home/souq-manayata/workspace/MOBILYIDC/framework/web/CDataProvider.php(224): CActiveDataProvider->calculateTotalItemCount()
#8 /home/souq-manayata/workspace/MOBILYIDC/framework/web/CActiveDataProvider.php(178): CDataProvider->getTotalItemCount()
#9 /home/souq-manayata/workspace/MOBILYIDC/framework/web/CDataProvider.php(168): CActiveDataProvider->fetchData()
#10 /home/souq-manayata/workspace/MOBILYIDC/framework/zii/widgets/CBaseListView.php(111): CDataProvider->getData()
#11 /home/souq-manayata/workspace/MOBILYIDC/framework/zii/widgets/CListView.php(211): CBaseListView->init()
#12 /home/souq-manayata/workspace/MOBILYIDC/framework/web/CBaseController.php(147): CListView->init()
#13 /home/souq-manayata/workspace/MOBILYIDC/framework/web/CBaseController.php(172): CBaseController->createWidget('zii.widgets.CLi...', Array)
#14 /home/souq-manayata/workspace/MOBILYIDC/mobily-loc/protected/views/post/index.php(9): CBaseController->widget('zii.widgets.CLi...', Array)
#15 /home/souq-manayata/workspace/MOBILYIDC/framework/web/CBaseController.php(126): require('/home/souq-mana...')
#16 /home/souq-manayata/workspace/MOBILYIDC/framework/web/CBaseController.php(95): CBaseController->renderInternal('/home/souq-mana...', Array, true)
#17 /home/souq-manayata/workspace/MOBILYIDC/framework/web/CController.php(869): CBaseController->renderFile('/home/souq-mana...', Array, true)
#18 /home/souq-manayata/workspace/MOBILYIDC/framework/web/CController.php(782): CController->renderPartial('index', Array, true)
#19 /home/souq-manayata/workspace/MOBILYIDC/mobily-loc/protected/controllers/PostController.php(136): CController->render('index', Array)
#20 /home/souq-manayata/workspace/MOBILYIDC/framework/web/actions/CInlineAction.php(49): PostController->actionIndex()
#21 /home/souq-manayata/workspace/MOBILYIDC/framework/web/CController.php(308): CInlineAction->runWithParams(Array)
#22 /home/souq-manayata/workspace/MOBILYIDC/framework/web/filters/CFilterChain.php(133): CController->runAction(Object(CInlineAction))
#23 /home/souq-manayata/workspace/MOBILYIDC/framework/web/filters/CFilter.php(40): CFilterChain->run()
#24 /home/souq-manayata/workspace/MOBILYIDC/framework/web/CController.php(1145): CFilter->filter(Object(CFilterChain))
#25 /home/souq-manayata/workspace/MOBILYIDC/framework/web/filters/CInlineFilter.php(58): CController->filterAccessControl(Object(CFilterChain))
#26 /home/souq-manayata/workspace/MOBILYIDC/framework/web/filters/CFilterChain.php(130): CInlineFilter->filter(Object(CFilterChain))
#27 /home/souq-manayata/workspace/MOBILYIDC/framework/web/CController.php(291): CFilterChain->run()
#28 /home/souq-manayata/workspace/MOBILYIDC/framework/web/CController.php(265): CController->runActionWithFilters(Object(CInlineAction), Array)
#29 /home/souq-manayata/workspace/MOBILYIDC/framework/web/CWebApplication.php(282): CController->run('index')
#30 /home/souq-manayata/workspace/MOBILYIDC/framework/web/CWebApplication.php(141): CWebApplication->runController('post/index')
#31 /home/souq-manayata/workspace/MOBILYIDC/framework/base/CApplication.php(180): CWebApplication->processRequest()
#32 /home/souq-manayata/workspace/MOBILYIDC/mobily-loc/index.php(11): CApplication->run()
#33 {main}
REQUEST_URI=/index.php/post/index
HTTP_REFERER=http://www.idc-mobily.com/
---
2013/10/14 13:40:36 [error] [system.db.CDbCommand] CDbCommand::fetchAll() failed: SQLSTATE[42S02]: Base table or view not found: 1146 Table 'mobily_idc.tbl_post' doesn't exist. The SQL statement executed was: SHOW FULL COLUMNS FROM `tbl_post`.
2013/10/14 13:40:36 [error] [exception.CDbException] exception 'CDbException' with message 'The table "{{post}}" for active record class "Post" cannot be found in the database.' in /home/souq-manayata/workspace/MOBILYIDC/framework/db/ar/CActiveRecord.php:2362
Stack trace:
#0 /home/souq-manayata/workspace/MOBILYIDC/framework/db/ar/CActiveRecord.php(411): CActiveRecordMetaData->__construct(Object(Post))
#1 /home/souq-manayata/workspace/MOBILYIDC/framework/db/ar/CActiveRecord.php(658): CActiveRecord->getMetaData()
#2 /home/souq-manayata/workspace/MOBILYIDC/framework/db/ar/CActiveFinder.php(389): CActiveRecord->getTableSchema()
#3 /home/souq-manayata/workspace/MOBILYIDC/framework/db/ar/CActiveFinder.php(47): CJoinElement->__construct(Object(CActiveFinder), Object(Post))
#4 /home/souq-manayata/workspace/MOBILYIDC/framework/db/ar/CActiveRecord.php(909): CActiveFinder->__construct(Object(Post), 'commentCount')
#5 /home/souq-manayata/workspace/MOBILYIDC/framework/db/ar/CActiveRecord.php(1604): CActiveRecord->getActiveFinder('commentCount')
#6 /home/souq-manayata/workspace/MOBILYIDC/framework/web/CActiveDataProvider.php(228): CActiveRecord->count(Object(CDbCriteria))
#7 /home/souq-manayata/workspace/MOBILYIDC/framework/web/CDataProvider.php(224): CActiveDataProvider->calculateTotalItemCount()
#8 /home/souq-manayata/workspace/MOBILYIDC/framework/web/CActiveDataProvider.php(178): CDataProvider->getTotalItemCount()
#9 /home/souq-manayata/workspace/MOBILYIDC/framework/web/CDataProvider.php(168): CActiveDataProvider->fetchData()
#10 /home/souq-manayata/workspace/MOBILYIDC/framework/zii/widgets/CBaseListView.php(111): CDataProvider->getData()
#11 /home/souq-manayata/workspace/MOBILYIDC/framework/zii/widgets/CListView.php(211): CBaseListView->init()
#12 /home/souq-manayata/workspace/MOBILYIDC/framework/web/CBaseController.php(147): CListView->init()
#13 /home/souq-manayata/workspace/MOBILYIDC/framework/web/CBaseController.php(172): CBaseController->createWidget('zii.widgets.CLi...', Array)
#14 /home/souq-manayata/workspace/MOBILYIDC/mobily-loc/protected/views/post/index.php(9): CBaseController->widget('zii.widgets.CLi...', Array)
#15 /home/souq-manayata/workspace/MOBILYIDC/framework/web/CBaseController.php(126): require('/home/souq-mana...')
#16 /home/souq-manayata/workspace/MOBILYIDC/framework/web/CBaseController.php(95): CBaseController->renderInternal('/home/souq-mana...', Array, true)
#17 /home/souq-manayata/workspace/MOBILYIDC/framework/web/CController.php(869): CBaseController->renderFile('/home/souq-mana...', Array, true)
#18 /home/souq-manayata/workspace/MOBILYIDC/framework/web/CController.php(782): CController->renderPartial('index', Array, true)
#19 /home/souq-manayata/workspace/MOBILYIDC/mobily-loc/protected/controllers/PostController.php(136): CController->render('index', Array)
#20 /home/souq-manayata/workspace/MOBILYIDC/framework/web/actions/CInlineAction.php(49): PostController->actionIndex()
#21 /home/souq-manayata/workspace/MOBILYIDC/framework/web/CController.php(308): CInlineAction->runWithParams(Array)
#22 /home/souq-manayata/workspace/MOBILYIDC/framework/web/filters/CFilterChain.php(133): CController->runAction(Object(CInlineAction))
#23 /home/souq-manayata/workspace/MOBILYIDC/framework/web/filters/CFilter.php(40): CFilterChain->run()
#24 /home/souq-manayata/workspace/MOBILYIDC/framework/web/CController.php(1145): CFilter->filter(Object(CFilterChain))
#25 /home/souq-manayata/workspace/MOBILYIDC/framework/web/filters/CInlineFilter.php(58): CController->filterAccessControl(Object(CFilterChain))
#26 /home/souq-manayata/workspace/MOBILYIDC/framework/web/filters/CFilterChain.php(130): CInlineFilter->filter(Object(CFilterChain))
#27 /home/souq-manayata/workspace/MOBILYIDC/framework/web/CController.php(291): CFilterChain->run()
#28 /home/souq-manayata/workspace/MOBILYIDC/framework/web/CController.php(265): CController->runActionWithFilters(Object(CInlineAction), Array)
#29 /home/souq-manayata/workspace/MOBILYIDC/framework/web/CWebApplication.php(282): CController->run('index')
#30 /home/souq-manayata/workspace/MOBILYIDC/framework/web/CWebApplication.php(141): CWebApplication->runController('post/index')
#31 /home/souq-manayata/workspace/MOBILYIDC/framework/base/CApplication.php(180): CWebApplication->processRequest()
#32 /home/souq-manayata/workspace/MOBILYIDC/mobily-loc/index.php(11): CApplication->run()
#33 {main}
REQUEST_URI=/index.php/post/index
HTTP_REFERER=http://www.idc-mobily.com/index.php/post/index
---
2013/10/14 13:40:36 [error] [system.db.CDbCommand] CDbCommand::fetchAll() failed: SQLSTATE[42S02]: Base table or view not found: 1146 Table 'mobily_idc.tbl_post' doesn't exist. The SQL statement executed was: SHOW FULL COLUMNS FROM `tbl_post`.
2013/10/14 13:40:36 [error] [exception.CDbException] exception 'CDbException' with message 'The table "{{post}}" for active record class "Post" cannot be found in the database.' in /home/souq-manayata/workspace/MOBILYIDC/framework/db/ar/CActiveRecord.php:2362
Stack trace:
#0 /home/souq-manayata/workspace/MOBILYIDC/framework/db/ar/CActiveRecord.php(411): CActiveRecordMetaData->__construct(Object(Post))
#1 /home/souq-manayata/workspace/MOBILYIDC/framework/db/ar/CActiveRecord.php(658): CActiveRecord->getMetaData()
#2 /home/souq-manayata/workspace/MOBILYIDC/framework/db/ar/CActiveFinder.php(389): CActiveRecord->getTableSchema()
#3 /home/souq-manayata/workspace/MOBILYIDC/framework/db/ar/CActiveFinder.php(47): CJoinElement->__construct(Object(CActiveFinder), Object(Post))
#4 /home/souq-manayata/workspace/MOBILYIDC/framework/db/ar/CActiveRecord.php(909): CActiveFinder->__construct(Object(Post), 'commentCount')
#5 /home/souq-manayata/workspace/MOBILYIDC/framework/db/ar/CActiveRecord.php(1604): CActiveRecord->getActiveFinder('commentCount')
#6 /home/souq-manayata/workspace/MOBILYIDC/framework/web/CActiveDataProvider.php(228): CActiveRecord->count(Object(CDbCriteria))
#7 /home/souq-manayata/workspace/MOBILYIDC/framework/web/CDataProvider.php(224): CActiveDataProvider->calculateTotalItemCount()
#8 /home/souq-manayata/workspace/MOBILYIDC/framework/web/CActiveDataProvider.php(178): CDataProvider->getTotalItemCount()
#9 /home/souq-manayata/workspace/MOBILYIDC/framework/web/CDataProvider.php(168): CActiveDataProvider->fetchData()
#10 /home/souq-manayata/workspace/MOBILYIDC/framework/zii/widgets/CBaseListView.php(111): CDataProvider->getData()
#11 /home/souq-manayata/workspace/MOBILYIDC/framework/zii/widgets/CListView.php(211): CBaseListView->init()
#12 /home/souq-manayata/workspace/MOBILYIDC/framework/web/CBaseController.php(147): CListView->init()
#13 /home/souq-manayata/workspace/MOBILYIDC/framework/web/CBaseController.php(172): CBaseController->createWidget('zii.widgets.CLi...', Array)
#14 /home/souq-manayata/workspace/MOBILYIDC/mobily-loc/protected/views/post/index.php(9): CBaseController->widget('zii.widgets.CLi...', Array)
#15 /home/souq-manayata/workspace/MOBILYIDC/framework/web/CBaseController.php(126): require('/home/souq-mana...')
#16 /home/souq-manayata/workspace/MOBILYIDC/framework/web/CBaseController.php(95): CBaseController->renderInternal('/home/souq-mana...', Array, true)
#17 /home/souq-manayata/workspace/MOBILYIDC/framework/web/CController.php(869): CBaseController->renderFile('/home/souq-mana...', Array, true)
#18 /home/souq-manayata/workspace/MOBILYIDC/framework/web/CController.php(782): CController->renderPartial('index', Array, true)
#19 /home/souq-manayata/workspace/MOBILYIDC/mobily-loc/protected/controllers/PostController.php(136): CController->render('index', Array)
#20 /home/souq-manayata/workspace/MOBILYIDC/framework/web/actions/CInlineAction.php(49): PostController->actionIndex()
#21 /home/souq-manayata/workspace/MOBILYIDC/framework/web/CController.php(308): CInlineAction->runWithParams(Array)
#22 /home/souq-manayata/workspace/MOBILYIDC/framework/web/filters/CFilterChain.php(133): CController->runAction(Object(CInlineAction))
#23 /home/souq-manayata/workspace/MOBILYIDC/framework/web/filters/CFilter.php(40): CFilterChain->run()
#24 /home/souq-manayata/workspace/MOBILYIDC/framework/web/CController.php(1145): CFilter->filter(Object(CFilterChain))
#25 /home/souq-manayata/workspace/MOBILYIDC/framework/web/filters/CInlineFilter.php(58): CController->filterAccessControl(Object(CFilterChain))
#26 /home/souq-manayata/workspace/MOBILYIDC/framework/web/filters/CFilterChain.php(130): CInlineFilter->filter(Object(CFilterChain))
#27 /home/souq-manayata/workspace/MOBILYIDC/framework/web/CController.php(291): CFilterChain->run()
#28 /home/souq-manayata/workspace/MOBILYIDC/framework/web/CController.php(265): CController->runActionWithFilters(Object(CInlineAction), Array)
#29 /home/souq-manayata/workspace/MOBILYIDC/framework/web/CWebApplication.php(282): CController->run('index')
#30 /home/souq-manayata/workspace/MOBILYIDC/framework/web/CWebApplication.php(141): CWebApplication->runController('post/index')
#31 /home/souq-manayata/workspace/MOBILYIDC/framework/base/CApplication.php(180): CWebApplication->processRequest()
#32 /home/souq-manayata/workspace/MOBILYIDC/mobily-loc/index.php(11): CApplication->run()
#33 {main}
REQUEST_URI=/index.php/post/index
HTTP_REFERER=http://www.idc-mobily.com/index.php/post/index
---
2013/10/14 13:40:36 [error] [system.db.CDbCommand] CDbCommand::fetchAll() failed: SQLSTATE[42S02]: Base table or view not found: 1146 Table 'mobily_idc.tbl_post' doesn't exist. The SQL statement executed was: SHOW FULL COLUMNS FROM `tbl_post`.
2013/10/14 13:40:36 [error] [exception.CDbException] exception 'CDbException' with message 'The table "{{post}}" for active record class "Post" cannot be found in the database.' in /home/souq-manayata/workspace/MOBILYIDC/framework/db/ar/CActiveRecord.php:2362
Stack trace:
#0 /home/souq-manayata/workspace/MOBILYIDC/framework/db/ar/CActiveRecord.php(411): CActiveRecordMetaData->__construct(Object(Post))
#1 /home/souq-manayata/workspace/MOBILYIDC/framework/db/ar/CActiveRecord.php(658): CActiveRecord->getMetaData()
#2 /home/souq-manayata/workspace/MOBILYIDC/framework/db/ar/CActiveFinder.php(389): CActiveRecord->getTableSchema()
#3 /home/souq-manayata/workspace/MOBILYIDC/framework/db/ar/CActiveFinder.php(47): CJoinElement->__construct(Object(CActiveFinder), Object(Post))
#4 /home/souq-manayata/workspace/MOBILYIDC/framework/db/ar/CActiveRecord.php(909): CActiveFinder->__construct(Object(Post), 'commentCount')
#5 /home/souq-manayata/workspace/MOBILYIDC/framework/db/ar/CActiveRecord.php(1604): CActiveRecord->getActiveFinder('commentCount')
#6 /home/souq-manayata/workspace/MOBILYIDC/framework/web/CActiveDataProvider.php(228): CActiveRecord->count(Object(CDbCriteria))
#7 /home/souq-manayata/workspace/MOBILYIDC/framework/web/CDataProvider.php(224): CActiveDataProvider->calculateTotalItemCount()
#8 /home/souq-manayata/workspace/MOBILYIDC/framework/web/CActiveDataProvider.php(178): CDataProvider->getTotalItemCount()
#9 /home/souq-manayata/workspace/MOBILYIDC/framework/web/CDataProvider.php(168): CActiveDataProvider->fetchData()
#10 /home/souq-manayata/workspace/MOBILYIDC/framework/zii/widgets/CBaseListView.php(111): CDataProvider->getData()
#11 /home/souq-manayata/workspace/MOBILYIDC/framework/zii/widgets/CListView.php(211): CBaseListView->init()
#12 /home/souq-manayata/workspace/MOBILYIDC/framework/web/CBaseController.php(147): CListView->init()
#13 /home/souq-manayata/workspace/MOBILYIDC/framework/web/CBaseController.php(172): CBaseController->createWidget('zii.widgets.CLi...', Array)
#14 /home/souq-manayata/workspace/MOBILYIDC/mobily-loc/protected/views/post/index.php(9): CBaseController->widget('zii.widgets.CLi...', Array)
#15 /home/souq-manayata/workspace/MOBILYIDC/framework/web/CBaseController.php(126): require('/home/souq-mana...')
#16 /home/souq-manayata/workspace/MOBILYIDC/framework/web/CBaseController.php(95): CBaseController->renderInternal('/home/souq-mana...', Array, true)
#17 /home/souq-manayata/workspace/MOBILYIDC/framework/web/CController.php(869): CBaseController->renderFile('/home/souq-mana...', Array, true)
#18 /home/souq-manayata/workspace/MOBILYIDC/framework/web/CController.php(782): CController->renderPartial('index', Array, true)
#19 /home/souq-manayata/workspace/MOBILYIDC/mobily-loc/protected/controllers/PostController.php(136): CController->render('index', Array)
#20 /home/souq-manayata/workspace/MOBILYIDC/framework/web/actions/CInlineAction.php(49): PostController->actionIndex()
#21 /home/souq-manayata/workspace/MOBILYIDC/framework/web/CController.php(308): CInlineAction->runWithParams(Array)
#22 /home/souq-manayata/workspace/MOBILYIDC/framework/web/filters/CFilterChain.php(133): CController->runAction(Object(CInlineAction))
#23 /home/souq-manayata/workspace/MOBILYIDC/framework/web/filters/CFilter.php(40): CFilterChain->run()
#24 /home/souq-manayata/workspace/MOBILYIDC/framework/web/CController.php(1145): CFilter->filter(Object(CFilterChain))
#25 /home/souq-manayata/workspace/MOBILYIDC/framework/web/filters/CInlineFilter.php(58): CController->filterAccessControl(Object(CFilterChain))
#26 /home/souq-manayata/workspace/MOBILYIDC/framework/web/filters/CFilterChain.php(130): CInlineFilter->filter(Object(CFilterChain))
#27 /home/souq-manayata/workspace/MOBILYIDC/framework/web/CController.php(291): CFilterChain->run()
#28 /home/souq-manayata/workspace/MOBILYIDC/framework/web/CController.php(265): CController->runActionWithFilters(Object(CInlineAction), Array)
#29 /home/souq-manayata/workspace/MOBILYIDC/framework/web/CWebApplication.php(282): CController->run('index')
#30 /home/souq-manayata/workspace/MOBILYIDC/framework/web/CWebApplication.php(141): CWebApplication->runController('post/index')
#31 /home/souq-manayata/workspace/MOBILYIDC/framework/base/CApplication.php(180): CWebApplication->processRequest()
#32 /home/souq-manayata/workspace/MOBILYIDC/mobily-loc/index.php(11): CApplication->run()
#33 {main}
REQUEST_URI=/index.php/post/index
HTTP_REFERER=http://www.idc-mobily.com/index.php/post/index
---
2013/10/14 13:42:35 [error] [exception.CHttpException.404] exception 'CHttpException' with message 'The requested view "index" was not found.' in /home/souq-manayata/workspace/MOBILYIDC/framework/web/actions/CViewAction.php:112
Stack trace:
#0 /home/souq-manayata/workspace/MOBILYIDC/framework/web/actions/CViewAction.php(123): CViewAction->resolveView('index')
#1 /home/souq-manayata/workspace/MOBILYIDC/framework/web/actions/CAction.php(76): CViewAction->run()
#2 /home/souq-manayata/workspace/MOBILYIDC/framework/web/CController.php(308): CAction->runWithParams(Array)
#3 /home/souq-manayata/workspace/MOBILYIDC/framework/web/CController.php(286): CController->runAction(Object(CViewAction))
#4 /home/souq-manayata/workspace/MOBILYIDC/framework/web/CController.php(265): CController->runActionWithFilters(Object(CViewAction), Array)
#5 /home/souq-manayata/workspace/MOBILYIDC/framework/web/CWebApplication.php(282): CController->run('page')
#6 /home/souq-manayata/workspace/MOBILYIDC/framework/web/CWebApplication.php(141): CWebApplication->runController('site/page')
#7 /home/souq-manayata/workspace/MOBILYIDC/framework/base/CApplication.php(180): CWebApplication->processRequest()
#8 /home/souq-manayata/workspace/MOBILYIDC/mobily-loc/index.php(11): CApplication->run()
#9 {main}
REQUEST_URI=/index.php/site/page?view=about
HTTP_REFERER=http://www.idc-mobily.com/index.php/post/index
---
2013/10/14 14:33:26 [error] [exception.CHttpException.404] exception 'CHttpException' with message 'The requested view "index" was not found.' in /home/souq-manayata/workspace/MOBILYIDC/framework/web/actions/CViewAction.php:112
Stack trace:
#0 /home/souq-manayata/workspace/MOBILYIDC/framework/web/actions/CViewAction.php(123): CViewAction->resolveView('index')
#1 /home/souq-manayata/workspace/MOBILYIDC/framework/web/actions/CAction.php(76): CViewAction->run()
#2 /home/souq-manayata/workspace/MOBILYIDC/framework/web/CController.php(308): CAction->runWithParams(Array)
#3 /home/souq-manayata/workspace/MOBILYIDC/framework/web/CController.php(286): CController->runAction(Object(CViewAction))
#4 /home/souq-manayata/workspace/MOBILYIDC/framework/web/CController.php(265): CController->runActionWithFilters(Object(CViewAction), Array)
#5 /home/souq-manayata/workspace/MOBILYIDC/framework/web/CWebApplication.php(282): CController->run('page')
#6 /home/souq-manayata/workspace/MOBILYIDC/framework/web/CWebApplication.php(141): CWebApplication->runController('site/page')
#7 /home/souq-manayata/workspace/MOBILYIDC/framework/base/CApplication.php(180): CWebApplication->processRequest()
#8 /home/souq-manayata/workspace/MOBILYIDC/mobily-loc/index.php(15): CApplication->run()
#9 {main}
REQUEST_URI=/index.php/site/page?view=about
HTTP_REFERER=http://www.idc-mobily.com/index.php/post/index
---
2013/10/15 12:08:12 [error] [exception.CHttpException.404] exception 'CHttpException' with message 'The system is unable to find the requested action "index".' in /home/souq-manayata/workspace/MOBILYIDC/framework/web/CController.php:483
Stack trace:
#0 /home/souq-manayata/workspace/MOBILYIDC/framework/web/CController.php(270): CController->missingAction('')
#1 /home/souq-manayata/workspace/MOBILYIDC/framework/web/CWebApplication.php(282): CController->run('')
#2 /home/souq-manayata/workspace/MOBILYIDC/framework/web/CWebApplication.php(141): CWebApplication->runController('')
#3 /home/souq-manayata/workspace/MOBILYIDC/framework/base/CApplication.php(180): CWebApplication->processRequest()
#4 /home/souq-manayata/workspace/MOBILYIDC/mobily-loc/index.php(15): CApplication->run()
#5 {main}
REQUEST_URI=/
---
2013/10/15 12:09:00 [error] [exception.CHttpException.404] exception 'CHttpException' with message 'The system is unable to find the requested action "index".' in /home/souq-manayata/workspace/MOBILYIDC/framework/web/CController.php:483
Stack trace:
#0 /home/souq-manayata/workspace/MOBILYIDC/framework/web/CController.php(270): CController->missingAction('')
#1 /home/souq-manayata/workspace/MOBILYIDC/framework/web/CWebApplication.php(282): CController->run('')
#2 /home/souq-manayata/workspace/MOBILYIDC/framework/web/CWebApplication.php(141): CWebApplication->runController('')
#3 /home/souq-manayata/workspace/MOBILYIDC/framework/base/CApplication.php(180): CWebApplication->processRequest()
#4 /home/souq-manayata/workspace/MOBILYIDC/mobily-loc/index.php(15): CApplication->run()
#5 {main}
REQUEST_URI=/
---
2013/10/15 12:09:23 [error] [exception.CHttpException.404] exception 'CHttpException' with message 'The system is unable to find the requested action "index".' in /home/souq-manayata/workspace/MOBILYIDC/framework/web/CController.php:483
Stack trace:
#0 /home/souq-manayata/workspace/MOBILYIDC/framework/web/CController.php(270): CController->missingAction('')
#1 /home/souq-manayata/workspace/MOBILYIDC/framework/web/CWebApplication.php(282): CController->run('')
#2 /home/souq-manayata/workspace/MOBILYIDC/framework/web/CWebApplication.php(141): CWebApplication->runController('')
#3 /home/souq-manayata/workspace/MOBILYIDC/framework/base/CApplication.php(180): CWebApplication->processRequest()
#4 /home/souq-manayata/workspace/MOBILYIDC/mobily-loc/index.php(15): CApplication->run()
#5 {main}
REQUEST_URI=/
---
2013/10/15 12:09:23 [error] [exception.CHttpException.404] exception 'CHttpException' with message 'The system is unable to find the requested action "index".' in /home/souq-manayata/workspace/MOBILYIDC/framework/web/CController.php:483
Stack trace:
#0 /home/souq-manayata/workspace/MOBILYIDC/framework/web/CController.php(270): CController->missingAction('')
#1 /home/souq-manayata/workspace/MOBILYIDC/framework/web/CWebApplication.php(282): CController->run('')
#2 /home/souq-manayata/workspace/MOBILYIDC/framework/web/CWebApplication.php(141): CWebApplication->runController('')
#3 /home/souq-manayata/workspace/MOBILYIDC/framework/base/CApplication.php(180): CWebApplication->processRequest()
#4 /home/souq-manayata/workspace/MOBILYIDC/mobily-loc/index.php(15): CApplication->run()
#5 {main}
REQUEST_URI=/
---
2013/10/15 12:09:24 [error] [exception.CHttpException.404] exception 'CHttpException' with message 'The system is unable to find the requested action "index".' in /home/souq-manayata/workspace/MOBILYIDC/framework/web/CController.php:483
Stack trace:
#0 /home/souq-manayata/workspace/MOBILYIDC/framework/web/CController.php(270): CController->missingAction('')
#1 /home/souq-manayata/workspace/MOBILYIDC/framework/web/CWebApplication.php(282): CController->run('')
#2 /home/souq-manayata/workspace/MOBILYIDC/framework/web/CWebApplication.php(141): CWebApplication->runController('')
#3 /home/souq-manayata/workspace/MOBILYIDC/framework/base/CApplication.php(180): CWebApplication->processRequest()
#4 /home/souq-manayata/workspace/MOBILYIDC/mobily-loc/index.php(15): CApplication->run()
#5 {main}
REQUEST_URI=/
---
2013/10/15 12:09:24 [error] [exception.CHttpException.404] exception 'CHttpException' with message 'The system is unable to find the requested action "index".' in /home/souq-manayata/workspace/MOBILYIDC/framework/web/CController.php:483
Stack trace:
#0 /home/souq-manayata/workspace/MOBILYIDC/framework/web/CController.php(270): CController->missingAction('')
#1 /home/souq-manayata/workspace/MOBILYIDC/framework/web/CWebApplication.php(282): CController->run('')
#2 /home/souq-manayata/workspace/MOBILYIDC/framework/web/CWebApplication.php(141): CWebApplication->runController('')
#3 /home/souq-manayata/workspace/MOBILYIDC/framework/base/CApplication.php(180): CWebApplication->processRequest()
#4 /home/souq-manayata/workspace/MOBILYIDC/mobily-loc/index.php(15): CApplication->run()
#5 {main}
REQUEST_URI=/
---
2013/10/15 12:09:24 [error] [exception.CHttpException.404] exception 'CHttpException' with message 'The system is unable to find the requested action "index".' in /home/souq-manayata/workspace/MOBILYIDC/framework/web/CController.php:483
Stack trace:
#0 /home/souq-manayata/workspace/MOBILYIDC/framework/web/CController.php(270): CController->missingAction('')
#1 /home/souq-manayata/workspace/MOBILYIDC/framework/web/CWebApplication.php(282): CController->run('')
#2 /home/souq-manayata/workspace/MOBILYIDC/framework/web/CWebApplication.php(141): CWebApplication->runController('')
#3 /home/souq-manayata/workspace/MOBILYIDC/framework/base/CApplication.php(180): CWebApplication->processRequest()
#4 /home/souq-manayata/workspace/MOBILYIDC/mobily-loc/index.php(15): CApplication->run()
#5 {main}
REQUEST_URI=/
---
2013/10/15 12:09:25 [error] [exception.CHttpException.404] exception 'CHttpException' with message 'The system is unable to find the requested action "index".' in /home/souq-manayata/workspace/MOBILYIDC/framework/web/CController.php:483
Stack trace:
#0 /home/souq-manayata/workspace/MOBILYIDC/framework/web/CController.php(270): CController->missingAction('')
#1 /home/souq-manayata/workspace/MOBILYIDC/framework/web/CWebApplication.php(282): CController->run('')
#2 /home/souq-manayata/workspace/MOBILYIDC/framework/web/CWebApplication.php(141): CWebApplication->runController('')
#3 /home/souq-manayata/workspace/MOBILYIDC/framework/base/CApplication.php(180): CWebApplication->processRequest()
#4 /home/souq-manayata/workspace/MOBILYIDC/mobily-loc/index.php(15): CApplication->run()
#5 {main}
REQUEST_URI=/
---
2013/10/15 12:09:25 [error] [exception.CHttpException.404] exception 'CHttpException' with message 'The system is unable to find the requested action "index".' in /home/souq-manayata/workspace/MOBILYIDC/framework/web/CController.php:483
Stack trace:
#0 /home/souq-manayata/workspace/MOBILYIDC/framework/web/CController.php(270): CController->missingAction('')
#1 /home/souq-manayata/workspace/MOBILYIDC/framework/web/CWebApplication.php(282): CController->run('')
#2 /home/souq-manayata/workspace/MOBILYIDC/framework/web/CWebApplication.php(141): CWebApplication->runController('')
#3 /home/souq-manayata/workspace/MOBILYIDC/framework/base/CApplication.php(180): CWebApplication->processRequest()
#4 /home/souq-manayata/workspace/MOBILYIDC/mobily-loc/index.php(15): CApplication->run()
#5 {main}
REQUEST_URI=/
---
2013/10/15 12:09:25 [error] [exception.CHttpException.404] exception 'CHttpException' with message 'The system is unable to find the requested action "index".' in /home/souq-manayata/workspace/MOBILYIDC/framework/web/CController.php:483
Stack trace:
#0 /home/souq-manayata/workspace/MOBILYIDC/framework/web/CController.php(270): CController->missingAction('')
#1 /home/souq-manayata/workspace/MOBILYIDC/framework/web/CWebApplication.php(282): CController->run('')
#2 /home/souq-manayata/workspace/MOBILYIDC/framework/web/CWebApplication.php(141): CWebApplication->runController('')
#3 /home/souq-manayata/workspace/MOBILYIDC/framework/base/CApplication.php(180): CWebApplication->processRequest()
#4 /home/souq-manayata/workspace/MOBILYIDC/mobily-loc/index.php(15): CApplication->run()
#5 {main}
REQUEST_URI=/
---
2013/10/15 12:09:25 [error] [exception.CHttpException.404] exception 'CHttpException' with message 'The system is unable to find the requested action "index".' in /home/souq-manayata/workspace/MOBILYIDC/framework/web/CController.php:483
Stack trace:
#0 /home/souq-manayata/workspace/MOBILYIDC/framework/web/CController.php(270): CController->missingAction('')
#1 /home/souq-manayata/workspace/MOBILYIDC/framework/web/CWebApplication.php(282): CController->run('')
#2 /home/souq-manayata/workspace/MOBILYIDC/framework/web/CWebApplication.php(141): CWebApplication->runController('')
#3 /home/souq-manayata/workspace/MOBILYIDC/framework/base/CApplication.php(180): CWebApplication->processRequest()
#4 /home/souq-manayata/workspace/MOBILYIDC/mobily-loc/index.php(15): CApplication->run()
#5 {main}
REQUEST_URI=/
---
2013/10/15 12:09:25 [error] [exception.CHttpException.404] exception 'CHttpException' with message 'The system is unable to find the requested action "index".' in /home/souq-manayata/workspace/MOBILYIDC/framework/web/CController.php:483
Stack trace:
#0 /home/souq-manayata/workspace/MOBILYIDC/framework/web/CController.php(270): CController->missingAction('')
#1 /home/souq-manayata/workspace/MOBILYIDC/framework/web/CWebApplication.php(282): CController->run('')
#2 /home/souq-manayata/workspace/MOBILYIDC/framework/web/CWebApplication.php(141): CWebApplication->runController('')
#3 /home/souq-manayata/workspace/MOBILYIDC/framework/base/CApplication.php(180): CWebApplication->processRequest()
#4 /home/souq-manayata/workspace/MOBILYIDC/mobily-loc/index.php(15): CApplication->run()
#5 {main}
REQUEST_URI=/
---
2013/10/15 12:09:25 [error] [exception.CHttpException.404] exception 'CHttpException' with message 'The system is unable to find the requested action "index".' in /home/souq-manayata/workspace/MOBILYIDC/framework/web/CController.php:483
Stack trace:
#0 /home/souq-manayata/workspace/MOBILYIDC/framework/web/CController.php(270): CController->missingAction('')
#1 /home/souq-manayata/workspace/MOBILYIDC/framework/web/CWebApplication.php(282): CController->run('')
#2 /home/souq-manayata/workspace/MOBILYIDC/framework/web/CWebApplication.php(141): CWebApplication->runController('')
#3 /home/souq-manayata/workspace/MOBILYIDC/framework/base/CApplication.php(180): CWebApplication->processRequest()
#4 /home/souq-manayata/workspace/MOBILYIDC/mobily-loc/index.php(15): CApplication->run()
#5 {main}
REQUEST_URI=/
---
2013/10/15 12:09:25 [error] [exception.CHttpException.404] exception 'CHttpException' with message 'The system is unable to find the requested action "index".' in /home/souq-manayata/workspace/MOBILYIDC/framework/web/CController.php:483
Stack trace:
#0 /home/souq-manayata/workspace/MOBILYIDC/framework/web/CController.php(270): CController->missingAction('')
#1 /home/souq-manayata/workspace/MOBILYIDC/framework/web/CWebApplication.php(282): CController->run('')
#2 /home/souq-manayata/workspace/MOBILYIDC/framework/web/CWebApplication.php(141): CWebApplication->runController('')
#3 /home/souq-manayata/workspace/MOBILYIDC/framework/base/CApplication.php(180): CWebApplication->processRequest()
#4 /home/souq-manayata/workspace/MOBILYIDC/mobily-loc/index.php(15): CApplication->run()
#5 {main}
REQUEST_URI=/
---
2013/10/15 12:09:25 [error] [exception.CHttpException.404] exception 'CHttpException' with message 'The system is unable to find the requested action "index".' in /home/souq-manayata/workspace/MOBILYIDC/framework/web/CController.php:483
Stack trace:
#0 /home/souq-manayata/workspace/MOBILYIDC/framework/web/CController.php(270): CController->missingAction('')
#1 /home/souq-manayata/workspace/MOBILYIDC/framework/web/CWebApplication.php(282): CController->run('')
#2 /home/souq-manayata/workspace/MOBILYIDC/framework/web/CWebApplication.php(141): CWebApplication->runController('')
#3 /home/souq-manayata/workspace/MOBILYIDC/framework/base/CApplication.php(180): CWebApplication->processRequest()
#4 /home/souq-manayata/workspace/MOBILYIDC/mobily-loc/index.php(15): CApplication->run()
#5 {main}
REQUEST_URI=/
---
2013/10/15 12:09:25 [error] [exception.CHttpException.404] exception 'CHttpException' with message 'The system is unable to find the requested action "index".' in /home/souq-manayata/workspace/MOBILYIDC/framework/web/CController.php:483
Stack trace:
#0 /home/souq-manayata/workspace/MOBILYIDC/framework/web/CController.php(270): CController->missingAction('')
#1 /home/souq-manayata/workspace/MOBILYIDC/framework/web/CWebApplication.php(282): CController->run('')
#2 /home/souq-manayata/workspace/MOBILYIDC/framework/web/CWebApplication.php(141): CWebApplication->runController('')
#3 /home/souq-manayata/workspace/MOBILYIDC/framework/base/CApplication.php(180): CWebApplication->processRequest()
#4 /home/souq-manayata/workspace/MOBILYIDC/mobily-loc/index.php(15): CApplication->run()
#5 {main}
REQUEST_URI=/
---
2013/10/15 12:09:25 [error] [exception.CHttpException.404] exception 'CHttpException' with message 'The system is unable to find the requested action "index".' in /home/souq-manayata/workspace/MOBILYIDC/framework/web/CController.php:483
Stack trace:
#0 /home/souq-manayata/workspace/MOBILYIDC/framework/web/CController.php(270): CController->missingAction('')
#1 /home/souq-manayata/workspace/MOBILYIDC/framework/web/CWebApplication.php(282): CController->run('')
#2 /home/souq-manayata/workspace/MOBILYIDC/framework/web/CWebApplication.php(141): CWebApplication->runController('')
#3 /home/souq-manayata/workspace/MOBILYIDC/framework/base/CApplication.php(180): CWebApplication->processRequest()
#4 /home/souq-manayata/workspace/MOBILYIDC/mobily-loc/index.php(15): CApplication->run()
#5 {main}
REQUEST_URI=/
---
2013/10/15 12:09:25 [error] [exception.CHttpException.404] exception 'CHttpException' with message 'The system is unable to find the requested action "index".' in /home/souq-manayata/workspace/MOBILYIDC/framework/web/CController.php:483
Stack trace:
#0 /home/souq-manayata/workspace/MOBILYIDC/framework/web/CController.php(270): CController->missingAction('')
#1 /home/souq-manayata/workspace/MOBILYIDC/framework/web/CWebApplication.php(282): CController->run('')
#2 /home/souq-manayata/workspace/MOBILYIDC/framework/web/CWebApplication.php(141): CWebApplication->runController('')
#3 /home/souq-manayata/workspace/MOBILYIDC/framework/base/CApplication.php(180): CWebApplication->processRequest()
#4 /home/souq-manayata/workspace/MOBILYIDC/mobily-loc/index.php(15): CApplication->run()
#5 {main}
REQUEST_URI=/
---
2013/10/15 12:09:25 [error] [exception.CHttpException.404] exception 'CHttpException' with message 'The system is unable to find the requested action "index".' in /home/souq-manayata/workspace/MOBILYIDC/framework/web/CController.php:483
Stack trace:
#0 /home/souq-manayata/workspace/MOBILYIDC/framework/web/CController.php(270): CController->missingAction('')
#1 /home/souq-manayata/workspace/MOBILYIDC/framework/web/CWebApplication.php(282): CController->run('')
#2 /home/souq-manayata/workspace/MOBILYIDC/framework/web/CWebApplication.php(141): CWebApplication->runController('')
#3 /home/souq-manayata/workspace/MOBILYIDC/framework/base/CApplication.php(180): CWebApplication->processRequest()
#4 /home/souq-manayata/workspace/MOBILYIDC/mobily-loc/index.php(15): CApplication->run()
#5 {main}
REQUEST_URI=/
---
2013/10/15 12:09:25 [error] [exception.CHttpException.404] exception 'CHttpException' with message 'The system is unable to find the requested action "index".' in /home/souq-manayata/workspace/MOBILYIDC/framework/web/CController.php:483
Stack trace:
#0 /home/souq-manayata/workspace/MOBILYIDC/framework/web/CController.php(270): CController->missingAction('')
#1 /home/souq-manayata/workspace/MOBILYIDC/framework/web/CWebApplication.php(282): CController->run('')
#2 /home/souq-manayata/workspace/MOBILYIDC/framework/web/CWebApplication.php(141): CWebApplication->runController('')
#3 /home/souq-manayata/workspace/MOBILYIDC/framework/base/CApplication.php(180): CWebApplication->processRequest()
#4 /home/souq-manayata/workspace/MOBILYIDC/mobily-loc/index.php(15): CApplication->run()
#5 {main}
REQUEST_URI=/
---
2013/10/15 12:09:25 [error] [exception.CHttpException.404] exception 'CHttpException' with message 'The system is unable to find the requested action "index".' in /home/souq-manayata/workspace/MOBILYIDC/framework/web/CController.php:483
Stack trace:
#0 /home/souq-manayata/workspace/MOBILYIDC/framework/web/CController.php(270): CController->missingAction('')
#1 /home/souq-manayata/workspace/MOBILYIDC/framework/web/CWebApplication.php(282): CController->run('')
#2 /home/souq-manayata/workspace/MOBILYIDC/framework/web/CWebApplication.php(141): CWebApplication->runController('')
#3 /home/souq-manayata/workspace/MOBILYIDC/framework/base/CApplication.php(180): CWebApplication->processRequest()
#4 /home/souq-manayata/workspace/MOBILYIDC/mobily-loc/index.php(15): CApplication->run()
#5 {main}
REQUEST_URI=/
---
2013/10/15 12:09:25 [error] [exception.CHttpException.404] exception 'CHttpException' with message 'The system is unable to find the requested action "index".' in /home/souq-manayata/workspace/MOBILYIDC/framework/web/CController.php:483
Stack trace:
#0 /home/souq-manayata/workspace/MOBILYIDC/framework/web/CController.php(270): CController->missingAction('')
#1 /home/souq-manayata/workspace/MOBILYIDC/framework/web/CWebApplication.php(282): CController->run('')
#2 /home/souq-manayata/workspace/MOBILYIDC/framework/web/CWebApplication.php(141): CWebApplication->runController('')
#3 /home/souq-manayata/workspace/MOBILYIDC/framework/base/CApplication.php(180): CWebApplication->processRequest()
#4 /home/souq-manayata/workspace/MOBILYIDC/mobily-loc/index.php(15): CApplication->run()
#5 {main}
REQUEST_URI=/
---
2013/10/15 12:09:25 [error] [exception.CHttpException.404] exception 'CHttpException' with message 'The system is unable to find the requested action "index".' in /home/souq-manayata/workspace/MOBILYIDC/framework/web/CController.php:483
Stack trace:
#0 /home/souq-manayata/workspace/MOBILYIDC/framework/web/CController.php(270): CController->missingAction('')
#1 /home/souq-manayata/workspace/MOBILYIDC/framework/web/CWebApplication.php(282): CController->run('')
#2 /home/souq-manayata/workspace/MOBILYIDC/framework/web/CWebApplication.php(141): CWebApplication->runController('')
#3 /home/souq-manayata/workspace/MOBILYIDC/framework/base/CApplication.php(180): CWebApplication->processRequest()
#4 /home/souq-manayata/workspace/MOBILYIDC/mobily-loc/index.php(15): CApplication->run()
#5 {main}
REQUEST_URI=/
---
2013/10/15 12:09:25 [error] [exception.CHttpException.404] exception 'CHttpException' with message 'The system is unable to find the requested action "index".' in /home/souq-manayata/workspace/MOBILYIDC/framework/web/CController.php:483
Stack trace:
#0 /home/souq-manayata/workspace/MOBILYIDC/framework/web/CController.php(270): CController->missingAction('')
#1 /home/souq-manayata/workspace/MOBILYIDC/framework/web/CWebApplication.php(282): CController->run('')
#2 /home/souq-manayata/workspace/MOBILYIDC/framework/web/CWebApplication.php(141): CWebApplication->runController('')
#3 /home/souq-manayata/workspace/MOBILYIDC/framework/base/CApplication.php(180): CWebApplication->processRequest()
#4 /home/souq-manayata/workspace/MOBILYIDC/mobily-loc/index.php(15): CApplication->run()
#5 {main}
REQUEST_URI=/
---
2013/10/15 12:09:25 [error] [exception.CHttpException.404] exception 'CHttpException' with message 'The system is unable to find the requested action "index".' in /home/souq-manayata/workspace/MOBILYIDC/framework/web/CController.php:483
Stack trace:
#0 /home/souq-manayata/workspace/MOBILYIDC/framework/web/CController.php(270): CController->missingAction('')
#1 /home/souq-manayata/workspace/MOBILYIDC/framework/web/CWebApplication.php(282): CController->run('')
#2 /home/souq-manayata/workspace/MOBILYIDC/framework/web/CWebApplication.php(141): CWebApplication->runController('')
#3 /home/souq-manayata/workspace/MOBILYIDC/framework/base/CApplication.php(180): CWebApplication->processRequest()
#4 /home/souq-manayata/workspace/MOBILYIDC/mobily-loc/index.php(15): CApplication->run()
#5 {main}
REQUEST_URI=/
---
2013/10/15 12:09:25 [error] [exception.CHttpException.404] exception 'CHttpException' with message 'The system is unable to find the requested action "index".' in /home/souq-manayata/workspace/MOBILYIDC/framework/web/CController.php:483
Stack trace:
#0 /home/souq-manayata/workspace/MOBILYIDC/framework/web/CController.php(270): CController->missingAction('')
#1 /home/souq-manayata/workspace/MOBILYIDC/framework/web/CWebApplication.php(282): CController->run('')
#2 /home/souq-manayata/workspace/MOBILYIDC/framework/web/CWebApplication.php(141): CWebApplication->runController('')
#3 /home/souq-manayata/workspace/MOBILYIDC/framework/base/CApplication.php(180): CWebApplication->processRequest()
#4 /home/souq-manayata/workspace/MOBILYIDC/mobily-loc/index.php(15): CApplication->run()
#5 {main}
REQUEST_URI=/
---
2013/10/15 12:09:25 [error] [exception.CHttpException.404] exception 'CHttpException' with message 'The system is unable to find the requested action "index".' in /home/souq-manayata/workspace/MOBILYIDC/framework/web/CController.php:483
Stack trace:
#0 /home/souq-manayata/workspace/MOBILYIDC/framework/web/CController.php(270): CController->missingAction('')
#1 /home/souq-manayata/workspace/MOBILYIDC/framework/web/CWebApplication.php(282): CController->run('')
#2 /home/souq-manayata/workspace/MOBILYIDC/framework/web/CWebApplication.php(141): CWebApplication->runController('')
#3 /home/souq-manayata/workspace/MOBILYIDC/framework/base/CApplication.php(180): CWebApplication->processRequest()
#4 /home/souq-manayata/workspace/MOBILYIDC/mobily-loc/index.php(15): CApplication->run()
#5 {main}
REQUEST_URI=/
---
2013/10/15 12:09:25 [error] [exception.CHttpException.404] exception 'CHttpException' with message 'The system is unable to find the requested action "index".' in /home/souq-manayata/workspace/MOBILYIDC/framework/web/CController.php:483
Stack trace:
#0 /home/souq-manayata/workspace/MOBILYIDC/framework/web/CController.php(270): CController->missingAction('')
#1 /home/souq-manayata/workspace/MOBILYIDC/framework/web/CWebApplication.php(282): CController->run('')
#2 /home/souq-manayata/workspace/MOBILYIDC/framework/web/CWebApplication.php(141): CWebApplication->runController('')
#3 /home/souq-manayata/workspace/MOBILYIDC/framework/base/CApplication.php(180): CWebApplication->processRequest()
#4 /home/souq-manayata/workspace/MOBILYIDC/mobily-loc/index.php(15): CApplication->run()
#5 {main}
REQUEST_URI=/
---
2013/10/15 12:09:25 [error] [exception.CHttpException.404] exception 'CHttpException' with message 'The system is unable to find the requested action "index".' in /home/souq-manayata/workspace/MOBILYIDC/framework/web/CController.php:483
Stack trace:
#0 /home/souq-manayata/workspace/MOBILYIDC/framework/web/CController.php(270): CController->missingAction('')
#1 /home/souq-manayata/workspace/MOBILYIDC/framework/web/CWebApplication.php(282): CController->run('')
#2 /home/souq-manayata/workspace/MOBILYIDC/framework/web/CWebApplication.php(141): CWebApplication->runController('')
#3 /home/souq-manayata/workspace/MOBILYIDC/framework/base/CApplication.php(180): CWebApplication->processRequest()
#4 /home/souq-manayata/workspace/MOBILYIDC/mobily-loc/index.php(15): CApplication->run()
#5 {main}
REQUEST_URI=/
---
2013/10/15 12:15:56 [error] [php] include(ProductPackageType.php): failed to open stream: No such file or directory (/home/souq-manayata/workspace/MOBILYIDC/framework/YiiBase.php:427)
Stack trace:
#0 /home/souq-manayata/workspace/MOBILYIDC/mobily-loc/protected/controllers/SiteController.php(30): spl_autoload_call()
#1 /home/souq-manayata/workspace/MOBILYIDC/framework/web/actions/CInlineAction.php(49): SiteController->actionIndex()
#2 /home/souq-manayata/workspace/MOBILYIDC/framework/web/CController.php(308): CInlineAction->runWithParams()
#3 /home/souq-manayata/workspace/MOBILYIDC/framework/web/CController.php(286): SiteController->runAction()
#4 /home/souq-manayata/workspace/MOBILYIDC/framework/web/CController.php(265): SiteController->runActionWithFilters()
#5 /home/souq-manayata/workspace/MOBILYIDC/framework/web/CWebApplication.php(282): SiteController->run()
#6 /home/souq-manayata/workspace/MOBILYIDC/framework/web/CWebApplication.php(141): CWebApplication->runController()
#7 /home/souq-manayata/workspace/MOBILYIDC/framework/base/CApplication.php(180): CWebApplication->processRequest()
#8 /home/souq-manayata/workspace/MOBILYIDC/mobily-loc/index.php(15): CWebApplication->run()
REQUEST_URI=/
